<html>
<body>
<pre>
<h1>Vision3 Build Log</h1>
<h2>Project:</h2>
D:\专业学习\单片机\工程设计\新建工程文件\利用红外遥控器实现电动机（小车）控制\hwkz.uv2
Project File Date:  07/15/2008

<h2>Output:</h2>
Build target 'Target 1'
compiling hwkz.c...
linking...
Program Size: data=14.0 xdata=0 code=232
creating hex file from "hwkz"...
"hwkz" - 0 Error(s), 0 Warning(s).
Build target 'Target 1'
compiling hwkz.c...
linking...
Program Size: data=14.0 xdata=0 code=232
creating hex file from "hwkz"...
"hwkz" - 0 Error(s), 0 Warning(s).
Build target 'Target 1'
compiling hwkz.c...
HWKZ.C(18): error C202: 'TR': undefined identifier
Target not created
Build target 'Target 1'
compiling hwkz.c...
linking...
Program Size: data=15.0 xdata=0 code=242
creating hex file from "hwkz"...
"hwkz" - 0 Error(s), 0 Warning(s).
Build target 'Target 1'
compiling hwkz.c...
HWKZ.C(39): warning C276: constant in condition expression
linking...
Program Size: data=15.0 xdata=0 code=247
creating hex file from "hwkz"...
"hwkz" - 0 Error(s), 1 Warning(s).
Build target 'Target 1'
compiling hwkz.c...
linking...
Program Size: data=15.0 xdata=0 code=249
creating hex file from "hwkz"...
"hwkz" - 0 Error(s), 0 Warning(s).
Build target 'Target 1'
compiling hwkz.c...
HWKZ.C(14): error C141: syntax error near 'while'
HWKZ.C(39): error C141: syntax error near 'while'
Target not created
Build target 'Target 1'
compiling hwkz.c...
HWKZ.C(39): error C141: syntax error near 'while'
Target not created
Build target 'Target 1'
compiling hwkz.c...
linking...
Program Size: data=15.0 xdata=0 code=251
creating hex file from "hwkz"...
"hwkz" - 0 Error(s), 0 Warning(s).
Build target 'Target 1'
compiling hwkz.c...
linking...
Program Size: data=15.0 xdata=0 code=242
creating hex file from "hwkz"...
"hwkz" - 0 Error(s), 0 Warning(s).
Build target 'Target 1'
compiling hwkz.c...
linking...
Program Size: data=15.0 xdata=0 code=242
creating hex file from "hwkz"...
"hwkz" - 0 Error(s), 0 Warning(s).
Build target 'Target 1'
compiling hwkz.c...
linking...
Program Size: data=15.0 xdata=0 code=242
creating hex file from "hwkz"...
"hwkz" - 0 Error(s), 0 Warning(s).
Build target 'Target 1'
compiling hwkz.c...
linking...
Program Size: data=15.0 xdata=0 code=242
creating hex file from "hwkz"...
"hwkz" - 0 Error(s), 0 Warning(s).
Build target 'Target 1'
compiling hwkz.c...
HWKZ.C(99): warning C275: expression with possibly no effect
HWKZ.C(100): warning C275: expression with possibly no effect
HWKZ.C(101): warning C275: expression with possibly no effect
HWKZ.C(172): warning C206: 'delay': missing function-prototype
HWKZ.C(172): error C267: 'delay': requires ANSI-style prototype
HWKZ.C(200): error C237: 'int0': function already has a body
HWKZ.C(203): error C231: '_delay': redefinition
Target not created
Build target 'Target 1'
compiling hwkz.c...
HWKZ.C(108): warning C275: expression with possibly no effect
HWKZ.C(109): warning C275: expression with possibly no effect
HWKZ.C(110): warning C275: expression with possibly no effect
HWKZ.C(209): error C237: 'int0': function already has a body
HWKZ.C(218): error C237: '_delay': function already has a body
Target not created
Build target 'Target 1'
compiling hwkz.c...
HWKZ.C(108): warning C275: expression with possibly no effect
HWKZ.C(109): warning C275: expression with possibly no effect
HWKZ.C(110): warning C275: expression with possibly no effect
HWKZ.C(218): error C237: '_delay': function already has a body
Target not created
Build target 'Target 1'
compiling hwkz.c...
HWKZ.C(108): warning C275: expression with possibly no effect
HWKZ.C(109): warning C275: expression with possibly no effect
HWKZ.C(110): warning C275: expression with possibly no effect
linking...
*** WARNING L16: UNCALLED SEGMENT, IGNORED FOR OVERLAY PROCESS
    SEGMENT: ?PR?KEY1CNT?HWKZ
*** WARNING L16: UNCALLED SEGMENT, IGNORED FOR OVERLAY PROCESS
    SEGMENT: ?PR?KEY2CNT?HWKZ
*** WARNING L16: UNCALLED SEGMENT, IGNORED FOR OVERLAY PROCESS
    SEGMENT: ?PR?KEY3CNT?HWKZ
Program Size: data=25.0 xdata=0 code=471
creating hex file from "hwkz"...
"hwkz" - 0 Error(s), 6 Warning(s).
Build target 'Target 1'
compiling hwkz.c...
linking...
Program Size: data=25.0 xdata=0 code=484
creating hex file from "hwkz"...
"hwkz" - 0 Error(s), 0 Warning(s).
Build target 'Target 1'
compiling hwkz.c...
linking...
Program Size: data=25.0 xdata=0 code=484
creating hex file from "hwkz"...
"hwkz" - 0 Error(s), 0 Warning(s).
Build target 'Target 1'
compiling hwkz.c...
linking...
Program Size: data=25.0 xdata=0 code=487
creating hex file from "hwkz"...
"hwkz" - 0 Error(s), 0 Warning(s).
Build target 'Target 1'
compiling hwkz.c...
linking...
Program Size: data=25.0 xdata=0 code=487
creating hex file from "hwkz"...
"hwkz" - 0 Error(s), 0 Warning(s).
Build target 'Target 1'
compiling hwkz.c...
HWKZ.C(82): error C202: 'cn': undefined identifier
Target not created
Build target 'Target 1'
compiling hwkz.c...
linking...
Program Size: data=24.0 xdata=0 code=484
creating hex file from "hwkz"...
"hwkz" - 0 Error(s), 0 Warning(s).
Build target 'Target 1'
compiling hwkz.c...
linking...
Program Size: data=24.0 xdata=0 code=484
creating hex file from "hwkz"...
"hwkz" - 0 Error(s), 0 Warning(s).
Build target 'Target 1'
compiling hwkz.c...
HWKZ.C(23): error C202: 'P10': undefined identifier
HWKZ.C(48): error C202: 'P10': undefined identifier
HWKZ.C(61): error C202: 'P10': undefined identifier
HWKZ.C(62): error C202: 'P13': undefined identifier
HWKZ.C(96): error C202: 'P10': undefined identifier
HWKZ.C(97): error C202: 'P13': undefined identifier
HWKZ.C(127): error C202: 'P10': undefined identifier
HWKZ.C(131): error C202: 'P10': undefined identifier
HWKZ.C(144): error C202: 'P13': undefined identifier
HWKZ.C(148): error C202: 'P13': undefined identifier
Target not created
Build target 'Target 1'
compiling hwkz.c...
HWKZ.C(23): error C202: 'P10': undefined identifier
HWKZ.C(48): error C202: 'P10': undefined identifier
HWKZ.C(61): error C202: 'P10': undefined identifier
HWKZ.C(62): error C202: 'P13': undefined identifier
HWKZ.C(96): error C202: 'P10': undefined identifier
HWKZ.C(97): error C202: 'P13': undefined identifier
Target not created
Build target 'Target 1'
compiling hwkz.c...
linking...
Program Size: data=24.0 xdata=0 code=484
creating hex file from "hwkz"...
"hwkz" - 0 Error(s), 0 Warning(s).
Build target 'Target 1'
compiling hwkz.c...
linking...
Program Size: data=24.0 xdata=0 code=484
creating hex file from "hwkz"...
"hwkz" - 0 Error(s), 0 Warning(s).
Build target 'Target 1'
compiling hwkz.c...
linking...
Program Size: data=24.0 xdata=0 code=489
creating hex file from "hwkz"...
"hwkz" - 0 Error(s), 0 Warning(s).
Build target 'Target 1'
compiling hwkz.c...
linking...
Program Size: data=24.0 xdata=0 code=489
creating hex file from "hwkz"...
"hwkz" - 0 Error(s), 0 Warning(s).
Build target 'Target 1'
compiling hwkz.c...
linking...
Program Size: data=24.0 xdata=0 code=489
creating hex file from "hwkz"...
"hwkz" - 0 Error(s), 0 Warning(s).
Build target 'Target 1'
compiling hwkz.c...
linking...
Program Size: data=24.0 xdata=0 code=489
creating hex file from "hwkz"...
"hwkz" - 0 Error(s), 0 Warning(s).
Build target 'Target 1'
compiling hwkz.c...
linking...
Program Size: data=24.0 xdata=0 code=489
creating hex file from "hwkz"...
"hwkz" - 0 Error(s), 0 Warning(s).
Build target 'Target 1'
compiling hwkz.c...
linking...
Program Size: data=24.0 xdata=0 code=495
creating hex file from "hwkz"...
"hwkz" - 0 Error(s), 0 Warning(s).
